10:20:03.837 INFO  d.n.h.h.HarvestControllerServer - Received crawlrequest for job 60: 'ID:183397-192.168.1.51(f7:db:b0:a7:73:6a)-50634-1477905657331: To IMRT_COMMON_JOB_PARTIAL_FOCUSED ReplyTo IMRT_COMMON_ERROR OK Job: Job 60 (state = SUBMITTED, HD = 9, channel = FOCUSED, snapshot = false, forcemaxcount = -1, forcemaxbytes = 1000000000, forcemaxrunningtime = 0, orderxml = default_orderxml, numconfigs = 1, created = Mon Oct 31 10:20:55 CET 2016, submitted = Mon Oct 31 10:20:57 CET 2016), metadata: [URL= metadata://netarkivet.dk/crawl/setup/duplicatereductionjobs?majorversion=1&minorversion=0&harvestid=9&harvestnum=3&jobid=60 ; mimetype= text/plain ; data= 46]'
10:20:03.845 INFO  d.n.h.h.HarvestControllerServer - Started harvester thread for job 60
10:20:03.848 INFO  d.n.common.distribute.JMSConnection - Removing listener from channel 'IMRT_COMMON_JOB_PARTIAL_FOCUSED'
10:20:03.853 INFO  d.n.harvester.heritrix3.HarvestJob - Created crawl directory: 'harvester_focused/60_1477905603852'
10:20:03.869 INFO  d.n.h.i.d.IndexRequestClient - Requesting an index of type 'DEDUP_CRAWL_LOG' for the jobs [46]
10:21:04.515 INFO  d.n.h.indexserver.FileBasedCache - Generated index '/home/test/IMRT/cache/DEDUP_CRAWL_LOG/46-cache' of id '[46]', request was for '[46]'
10:21:04.515 INFO  d.n.harvester.heritrix3.HarvestJob - Starting crawl of job : 60
10:21:04.517 INFO  d.n.h.h.HeritrixLauncherAbstract - Make the template ready for Heritrix3
10:21:04.521 INFO  d.n.h.h.c.AbstractRestHeritrixController - Starting Heritrix for job 60 of harvest 9 in harvester_focused/60_1477905603852 in crawldir harvester_focused/60_1477905603852
10:21:06.301 INFO  d.n.h.h.c.AbstractRestHeritrixController - Starting Heritrix3 with the following arguments:./bin/heritrix -b harvester-1 -p  8196 -a  admin:adminPassword -s h3server.jks,h3server,h3server 
10:21:06.302 INFO  d.n.h.h.c.AbstractRestHeritrixController - .. and setting FOREGROUND to 'true'
10:21:06.304 INFO  d.n.h.h.c.AbstractRestHeritrixController - .. and setting JAVA_OPTS to '-Xmx1598M  -Ddk.netarkivet.settings.file=/home/test/IMRT/conf/settings_HarvestControllerApplication_focused4.xml'
10:21:06.304 INFO  d.n.h.h.c.AbstractRestHeritrixController - .. and setting HERITRIX_OUT to '/home/test/IMRT/harvester_focused/60_1477905603852/heritrix_out.log'
10:21:06.305 INFO  d.n.h.h.c.AbstractRestHeritrixController - .. and setting output from heritrix3 to 'harvester_focused/60_1477905603852/heritrix3_out.log', and errors to 'harvester_focused/60_1477905603852/heritrix3_err.log'
10:21:06.313 INFO  d.n.h.h.c.AbstractRestHeritrixController - Heritrix3 engine launched successfully
10:21:11.710 INFO  d.n.h.h.c.HeritrixController - Heritrix3 REST interface up and running
10:21:11.710 INFO  d.n.h.h.c.HeritrixController - Copying the crawler-beans.cxml file and seeds.txt to the heritrix3 jobdir 'harvester_focused/60_1477905603852/heritrix3/jobs/60_1477905603852'
10:21:12.070 INFO  d.n.h.h.c.HeritrixController - H3 jobs available for building: 60_1477905603852 
10:21:18.707 INFO  d.n.h.h.c.HeritrixController - Job 60_1477905603852 built successfully
10:21:18.987 INFO  d.n.h.h.c.HeritrixController - The H3 job 60_1477905603852 in now in state CrawlControllerState.NASCENT
10:22:24.633 WARN  d.n.h.h.c.HeritrixController - The job state is now RUNNING. Should have been CrawlControllerState.PAUSED
10:22:24.692 INFO  d.n.h.h.c.HeritrixController - The job 60_1477905603852 is now in state RUNNING
10:22:24.692 INFO  d.n.h.h.controller.HeritrixLauncher - Starting periodic CrawlControl with CRAWL_CONTROL_WAIT_PERIOD=20 seconds
10:22:24.723 INFO  d.n.h.h.d.CrawlProgressMessage - statusAsString is null for job 60. Considering the crawl to be not finished
10:22:24.733 INFO  d.n.h.h.d.CrawlProgressMessage - StatusAsString = 'RUNNING'
10:22:24.733 INFO  d.n.h.h.controller.HeritrixLauncher - Job ID: 60, Harvest ID: 9, https://harvester-1:8196/engine
null
RUNNING 40.17467248908297%
10:22:44.763 INFO  d.n.h.h.d.CrawlProgressMessage - statusAsString is null for job 60. Considering the crawl to be not finished
10:22:44.768 INFO  d.n.h.h.d.CrawlProgressMessage - StatusAsString = 'RUNNING'
10:22:44.768 INFO  d.n.h.h.controller.HeritrixLauncher - Job ID: 60, Harvest ID: 9, https://harvester-1:8196/engine
null
RUNNING 46.59090909090909%
10:23:04.802 INFO  d.n.h.h.d.CrawlProgressMessage - statusAsString is null for job 60. Considering the crawl to be not finished
10:23:04.807 INFO  d.n.h.h.d.CrawlProgressMessage - StatusAsString = 'RUNNING'
10:23:04.807 INFO  d.n.h.h.controller.HeritrixLauncher - Job ID: 60, Harvest ID: 9, https://harvester-1:8196/engine
null
RUNNING 55.067567567567565%
10:23:24.863 INFO  d.n.h.h.d.CrawlProgressMessage - statusAsString is null for job 60. Considering the crawl to be not finished
10:23:24.868 INFO  d.n.h.h.d.CrawlProgressMessage - StatusAsString = 'RUNNING'
10:23:24.869 INFO  d.n.h.h.controller.HeritrixLauncher - Job ID: 60, Harvest ID: 9, https://harvester-1:8196/engine
null
RUNNING 61.74698795180723%
10:23:44.937 INFO  d.n.h.h.d.CrawlProgressMessage - statusAsString is null for job 60. Considering the crawl to be not finished
10:23:44.941 INFO  d.n.h.h.d.CrawlProgressMessage - StatusAsString = 'RUNNING'
10:23:44.942 INFO  d.n.h.h.controller.HeritrixLauncher - Job ID: 60, Harvest ID: 9, https://harvester-1:8196/engine
null
RUNNING 61.93029490616622%
10:24:04.990 INFO  d.n.h.h.d.CrawlProgressMessage - statusAsString is null for job 60. Considering the crawl to be not finished
10:24:04.998 INFO  d.n.h.h.d.CrawlProgressMessage - StatusAsString = 'RUNNING'
10:24:04.998 INFO  d.n.h.h.controller.HeritrixLauncher - Job ID: 60, Harvest ID: 9, https://harvester-1:8196/engine
null
RUNNING 62.38095238095238%
10:24:25.026 INFO  d.n.h.h.d.CrawlProgressMessage - statusAsString is null for job 60. Considering the crawl to be not finished
10:24:25.031 INFO  d.n.h.h.d.CrawlProgressMessage - StatusAsString = 'RUNNING'
10:24:25.031 INFO  d.n.h.h.controller.HeritrixLauncher - Job ID: 60, Harvest ID: 9, https://harvester-1:8196/engine
null
RUNNING 64.59770114942529%
10:24:45.069 INFO  d.n.h.h.d.CrawlProgressMessage - statusAsString is null for job 60. Considering the crawl to be not finished
10:24:45.074 INFO  d.n.h.h.d.CrawlProgressMessage - StatusAsString = 'RUNNING'
10:24:45.074 INFO  d.n.h.h.controller.HeritrixLauncher - Job ID: 60, Harvest ID: 9, https://harvester-1:8196/engine
null
RUNNING 65.58441558441558%
10:25:05.102 INFO  d.n.h.h.d.CrawlProgressMessage - statusAsString is null for job 60. Considering the crawl to be not finished
10:25:05.106 INFO  d.n.h.h.d.CrawlProgressMessage - StatusAsString = 'RUNNING'
10:25:05.107 INFO  d.n.h.h.controller.HeritrixLauncher - Job ID: 60, Harvest ID: 9, https://harvester-1:8196/engine
null
RUNNING 60.18518518518518%
10:25:25.140 INFO  d.n.h.h.d.CrawlProgressMessage - statusAsString is null for job 60. Considering the crawl to be not finished
10:25:25.144 INFO  d.n.h.h.d.CrawlProgressMessage - StatusAsString = 'RUNNING'
10:25:25.144 INFO  d.n.h.h.controller.HeritrixLauncher - Job ID: 60, Harvest ID: 9, https://harvester-1:8196/engine
null
RUNNING 62.29802513464991%
10:25:45.172 INFO  d.n.h.h.d.CrawlProgressMessage - statusAsString is null for job 60. Considering the crawl to be not finished
10:25:45.176 INFO  d.n.h.h.d.CrawlProgressMessage - StatusAsString = 'RUNNING'
10:25:45.177 INFO  d.n.h.h.controller.HeritrixLauncher - Job ID: 60, Harvest ID: 9, https://harvester-1:8196/engine
null
RUNNING 64.04886561954625%
10:26:05.205 INFO  d.n.h.h.d.CrawlProgressMessage - statusAsString is null for job 60. Considering the crawl to be not finished
10:26:05.209 INFO  d.n.h.h.d.CrawlProgressMessage - StatusAsString = 'RUNNING'
10:26:05.210 INFO  d.n.h.h.controller.HeritrixLauncher - Job ID: 60, Harvest ID: 9, https://harvester-1:8196/engine
null
RUNNING 64.48445171849427%
10:26:25.237 INFO  d.n.h.h.d.CrawlProgressMessage - statusAsString is null for job 60. Considering the crawl to be not finished
10:26:25.242 INFO  d.n.h.h.d.CrawlProgressMessage - StatusAsString = 'RUNNING'
10:26:25.242 INFO  d.n.h.h.controller.HeritrixLauncher - Job ID: 60, Harvest ID: 9, https://harvester-1:8196/engine
null
RUNNING 68.0713128038898%
10:26:45.301 INFO  d.n.h.h.d.CrawlProgressMessage - statusAsString is null for job 60. Considering the crawl to be not finished
10:26:45.312 INFO  d.n.h.h.d.CrawlProgressMessage - StatusAsString = 'RUNNING'
10:26:45.312 INFO  d.n.h.h.controller.HeritrixLauncher - Job ID: 60, Harvest ID: 9, https://harvester-1:8196/engine
null
RUNNING 70.04830917874396%
10:27:05.345 INFO  d.n.h.h.d.CrawlProgressMessage - statusAsString is null for job 60. Considering the crawl to be not finished
10:27:05.351 INFO  d.n.h.h.d.CrawlProgressMessage - StatusAsString = 'RUNNING'
10:27:05.352 INFO  d.n.h.h.controller.HeritrixLauncher - Job ID: 60, Harvest ID: 9, https://harvester-1:8196/engine
null
RUNNING 72.76923076923077%
10:27:25.387 INFO  d.n.h.h.d.CrawlProgressMessage - statusAsString is null for job 60. Considering the crawl to be not finished
10:27:25.392 INFO  d.n.h.h.d.CrawlProgressMessage - StatusAsString = 'RUNNING'
10:27:25.393 INFO  d.n.h.h.controller.HeritrixLauncher - Job ID: 60, Harvest ID: 9, https://harvester-1:8196/engine
null
RUNNING 70.7182320441989%
10:27:45.421 INFO  d.n.h.h.d.CrawlProgressMessage - statusAsString is null for job 60. Considering the crawl to be not finished
10:27:45.425 INFO  d.n.h.h.d.CrawlProgressMessage - StatusAsString = 'RUNNING'
10:27:45.426 INFO  d.n.h.h.controller.HeritrixLauncher - Job ID: 60, Harvest ID: 9, https://harvester-1:8196/engine
null
RUNNING 71.3903743315508%
10:28:05.502 INFO  d.n.h.h.d.CrawlProgressMessage - statusAsString is null for job 60. Considering the crawl to be not finished
10:28:05.516 INFO  d.n.h.h.d.CrawlProgressMessage - StatusAsString = 'RUNNING'
10:28:05.516 INFO  d.n.h.h.controller.HeritrixLauncher - Job ID: 60, Harvest ID: 9, https://harvester-1:8196/engine
null
RUNNING 74.07894736842105%
10:28:25.544 INFO  d.n.h.h.d.CrawlProgressMessage - statusAsString is null for job 60. Considering the crawl to be not finished
10:28:25.549 INFO  d.n.h.h.d.CrawlProgressMessage - StatusAsString = 'RUNNING'
10:28:25.549 INFO  d.n.h.h.controller.HeritrixLauncher - Job ID: 60, Harvest ID: 9, https://harvester-1:8196/engine
null
RUNNING 79.36925098554534%
10:28:45.576 INFO  d.n.h.h.d.CrawlProgressMessage - statusAsString is null for job 60. Considering the crawl to be not finished
10:28:45.580 INFO  d.n.h.h.d.CrawlProgressMessage - StatusAsString = 'RUNNING'
10:28:45.581 INFO  d.n.h.h.controller.HeritrixLauncher - Job ID: 60, Harvest ID: 9, https://harvester-1:8196/engine
null
RUNNING 82.8125%
10:29:05.620 INFO  d.n.h.h.d.CrawlProgressMessage - statusAsString is null for job 60. Considering the crawl to be not finished
10:29:05.624 INFO  d.n.h.h.d.CrawlProgressMessage - StatusAsString = 'RUNNING'
10:29:05.625 INFO  d.n.h.h.controller.HeritrixLauncher - Job ID: 60, Harvest ID: 9, https://harvester-1:8196/engine
null
RUNNING 83.31226295828066%
10:29:25.667 INFO  d.n.h.h.d.CrawlProgressMessage - statusAsString is null for job 60. Considering the crawl to be not finished
10:29:25.680 INFO  d.n.h.h.d.CrawlProgressMessage - StatusAsString = 'RUNNING'
10:29:25.680 INFO  d.n.h.h.controller.HeritrixLauncher - Job ID: 60, Harvest ID: 9, https://harvester-1:8196/engine
null
RUNNING 83.74083129584352%
10:29:45.726 INFO  d.n.h.h.d.CrawlProgressMessage - statusAsString is null for job 60. Considering the crawl to be not finished
10:29:45.731 INFO  d.n.h.h.d.CrawlProgressMessage - StatusAsString = 'RUNNING'
10:29:45.731 INFO  d.n.h.h.controller.HeritrixLauncher - Job ID: 60, Harvest ID: 9, https://harvester-1:8196/engine
null
RUNNING 86.48325358851675%
10:30:05.764 INFO  d.n.h.h.d.CrawlProgressMessage - statusAsString is null for job 60. Considering the crawl to be not finished
10:30:05.768 INFO  d.n.h.h.d.CrawlProgressMessage - StatusAsString = 'RUNNING'
10:30:05.768 INFO  d.n.h.h.controller.HeritrixLauncher - Job ID: 60, Harvest ID: 9, https://harvester-1:8196/engine
null
RUNNING 86.23853211009174%
10:30:25.794 INFO  d.n.h.h.d.CrawlProgressMessage - statusAsString is null for job 60. Considering the crawl to be not finished
10:30:25.799 INFO  d.n.h.h.d.CrawlProgressMessage - StatusAsString = 'RUNNING'
10:30:25.799 INFO  d.n.h.h.controller.HeritrixLauncher - Job ID: 60, Harvest ID: 9, https://harvester-1:8196/engine
null
RUNNING 79.09836065573771%
10:30:45.846 INFO  d.n.h.h.d.CrawlProgressMessage - statusAsString is null for job 60. Considering the crawl to be not finished
10:30:45.855 INFO  d.n.h.h.d.CrawlProgressMessage - StatusAsString = 'RUNNING'
10:30:45.855 INFO  d.n.h.h.controller.HeritrixLauncher - Job ID: 60, Harvest ID: 9, https://harvester-1:8196/engine
null
RUNNING 80.06012024048096%
10:31:05.881 INFO  d.n.h.h.d.CrawlProgressMessage - statusAsString is null for job 60. Considering the crawl to be not finished
10:31:05.889 INFO  d.n.h.h.d.CrawlProgressMessage - StatusAsString = 'RUNNING'
10:31:05.889 INFO  d.n.h.h.controller.HeritrixLauncher - Job ID: 60, Harvest ID: 9, https://harvester-1:8196/engine
null
RUNNING 80.76152304609218%
10:31:25.916 INFO  d.n.h.h.d.CrawlProgressMessage - statusAsString is null for job 60. Considering the crawl to be not finished
10:31:25.921 INFO  d.n.h.h.d.CrawlProgressMessage - StatusAsString = 'RUNNING'
10:31:25.921 INFO  d.n.h.h.controller.HeritrixLauncher - Job ID: 60, Harvest ID: 9, https://harvester-1:8196/engine
null
RUNNING 82.37051792828686%
10:31:45.954 INFO  d.n.h.h.d.CrawlProgressMessage - statusAsString is null for job 60. Considering the crawl to be not finished
10:31:45.959 INFO  d.n.h.h.d.CrawlProgressMessage - StatusAsString = 'RUNNING'
10:31:45.959 INFO  d.n.h.h.controller.HeritrixLauncher - Job ID: 60, Harvest ID: 9, https://harvester-1:8196/engine
null
RUNNING 83.41463414634147%
10:32:05.987 INFO  d.n.h.h.d.CrawlProgressMessage - statusAsString is null for job 60. Considering the crawl to be not finished
10:32:05.991 INFO  d.n.h.h.d.CrawlProgressMessage - StatusAsString = 'RUNNING'
10:32:05.991 INFO  d.n.h.h.controller.HeritrixLauncher - Job ID: 60, Harvest ID: 9, https://harvester-1:8196/engine
null
RUNNING 85.4368932038835%
10:32:26.017 INFO  d.n.h.h.d.CrawlProgressMessage - statusAsString is null for job 60. Considering the crawl to be not finished
10:32:26.022 INFO  d.n.h.h.d.CrawlProgressMessage - StatusAsString = 'RUNNING'
10:32:26.022 INFO  d.n.h.h.controller.HeritrixLauncher - Job ID: 60, Harvest ID: 9, https://harvester-1:8196/engine
null
RUNNING 87.2216844143272%
10:32:46.051 INFO  d.n.h.h.d.CrawlProgressMessage - statusAsString is null for job 60. Considering the crawl to be not finished
10:32:46.056 INFO  d.n.h.h.d.CrawlProgressMessage - StatusAsString = 'RUNNING'
10:32:46.056 INFO  d.n.h.h.controller.HeritrixLauncher - Job ID: 60, Harvest ID: 9, https://harvester-1:8196/engine
null
RUNNING 89.21001926782273%
10:33:06.083 INFO  d.n.h.h.d.CrawlProgressMessage - statusAsString is null for job 60. Considering the crawl to be not finished
10:33:06.087 INFO  d.n.h.h.d.CrawlProgressMessage - StatusAsString = 'RUNNING'
10:33:06.088 INFO  d.n.h.h.controller.HeritrixLauncher - Job ID: 60, Harvest ID: 9, https://harvester-1:8196/engine
null
RUNNING 91.17929050814956%
10:33:26.125 INFO  d.n.h.h.d.CrawlProgressMessage - statusAsString is null for job 60. Considering the crawl to be not finished
10:33:26.130 INFO  d.n.h.h.d.CrawlProgressMessage - StatusAsString = 'RUNNING'
10:33:26.131 INFO  d.n.h.h.controller.HeritrixLauncher - Job ID: 60, Harvest ID: 9, https://harvester-1:8196/engine
null
RUNNING 93.6007640878701%
10:33:46.157 INFO  d.n.h.h.d.CrawlProgressMessage - statusAsString is null for job 60. Considering the crawl to be not finished
10:33:46.162 INFO  d.n.h.h.d.CrawlProgressMessage - StatusAsString = 'RUNNING'
10:33:46.162 INFO  d.n.h.h.controller.HeritrixLauncher - Job ID: 60, Harvest ID: 9, https://harvester-1:8196/engine
null
RUNNING 95.16129032258064%
10:34:06.189 INFO  d.n.h.h.d.CrawlProgressMessage - statusAsString is null for job 60. Considering the crawl to be not finished
10:34:06.193 INFO  d.n.h.h.d.CrawlProgressMessage - StatusAsString = 'RUNNING'
10:34:06.194 INFO  d.n.h.h.controller.HeritrixLauncher - Job ID: 60, Harvest ID: 9, https://harvester-1:8196/engine
null
RUNNING 96.62288930581613%
10:34:26.220 INFO  d.n.h.h.d.CrawlProgressMessage - statusAsString is null for job 60. Considering the crawl to be not finished
10:34:26.225 INFO  d.n.h.h.d.CrawlProgressMessage - StatusAsString = 'RUNNING'
10:34:26.225 INFO  d.n.h.h.controller.HeritrixLauncher - Job ID: 60, Harvest ID: 9, https://harvester-1:8196/engine
null
RUNNING 97.04524469067405%
10:34:46.269 INFO  d.n.h.h.d.CrawlProgressMessage - Job 60 seems to be no longer in progress. 
10:34:46.279 INFO  d.n.h.h.d.CrawlProgressMessage - Job 60 seems to be no longer in progress. 
10:34:46.280 INFO  d.n.h.h.controller.HeritrixLauncher - Job ID 60: crawl is finished.
10:34:46.280 INFO  d.n.h.h.controller.HeritrixLauncher - CrawlJob is now over
10:34:46.332 INFO  d.n.h.h.c.HeritrixController - Tearing down h3 job 60_1477905603852
10:34:47.458 INFO  d.n.h.h.c.AbstractRestHeritrixController - Heritrix3 engine shutdown was successful. ExitValue =  0
10:34:47.470 INFO  d.n.h.heritrix3.PostProcessing - Store files in directory 'harvester_focused/60_1477905603852' from jobID: 60.
10:34:47.470 INFO  d.n.h.heritrix3.PostProcessing - Store the files from harvest in 'harvester_focused/60_1477905603852'
10:34:52.482 INFO  d.n.h.heritrix3.HarvestDocumentation - Looking for heritrix files in the following directories: /home/test/IMRT/harvester_focused/60_1477905603852,/home/test/IMRT/harvester_focused/60_1477905603852/heritrix3/jobs/60_1477905603852, /home/test/IMRT/harvester_focused/60_1477905603852/heritrix3/jobs/60_1477905603852/latest/reports
10:34:52.500 INFO  d.n.h.heritrix3.HarvestDocumentation - Found Heritrix log file scope.log
10:34:52.501 INFO  d.n.h.heritrix3.HarvestDocumentation - Found Heritrix log file runtime-errors.log
10:34:52.502 INFO  d.n.h.heritrix3.HarvestDocumentation - Found Heritrix log file progress-statistics.log
10:34:52.503 INFO  d.n.h.heritrix3.HarvestDocumentation - Found Heritrix log file alerts.log
10:34:52.504 INFO  d.n.h.heritrix3.HarvestDocumentation - Found Heritrix log file crawl.log
10:34:52.505 INFO  d.n.h.heritrix3.HarvestDocumentation - Found Heritrix log file uri-errors.log
10:34:52.506 INFO  d.n.h.heritrix3.HarvestDocumentation - Found Heritrix log file nonfatal-errors.log
10:34:52.506 INFO  d.n.h.h.m.MetadataFileWriterWarc - harvester_focused/60_1477905603852/crawler-beans.cxml 28742
10:34:52.508 INFO  d.n.h.h.m.MetadataFileWriterWarc - harvester_focused/60_1477905603852/harvestInfo.xml 587
10:34:52.508 INFO  d.n.h.h.m.MetadataFileWriterWarc - harvester_focused/60_1477905603852/seeds.txt 24
10:34:52.509 INFO  d.n.h.h.m.MetadataFileWriterWarc - harvester_focused/60_1477905603852/archivefiles-report.txt 131
10:34:52.510 INFO  d.n.h.h.m.MetadataFileWriterWarc - harvester_focused/60_1477905603852/heritrix3/jobs/60_1477905603852/latest/reports/crawl-report.txt 333
10:34:52.511 INFO  d.n.h.h.m.MetadataFileWriterWarc - harvester_focused/60_1477905603852/heritrix3/jobs/60_1477905603852/latest/reports/frontier-summary-report.txt 11936
10:34:52.512 INFO  d.n.h.h.m.MetadataFileWriterWarc - harvester_focused/60_1477905603852/heritrix3/jobs/60_1477905603852/latest/reports/hosts-report.txt 5813
10:34:52.513 INFO  d.n.h.h.m.MetadataFileWriterWarc - harvester_focused/60_1477905603852/heritrix3/jobs/60_1477905603852/latest/reports/mimetype-report.txt 603
10:34:52.514 INFO  d.n.h.h.m.MetadataFileWriterWarc - harvester_focused/60_1477905603852/heritrix3/jobs/60_1477905603852/latest/reports/processors-report.txt 3138
10:34:52.515 INFO  d.n.h.h.m.MetadataFileWriterWarc - harvester_focused/60_1477905603852/heritrix3/jobs/60_1477905603852/latest/reports/responsecode-report.txt 65
10:34:52.516 INFO  d.n.h.h.m.MetadataFileWriterWarc - harvester_focused/60_1477905603852/heritrix3/jobs/60_1477905603852/latest/reports/seeds-report.txt 128
10:34:52.516 INFO  d.n.h.h.m.MetadataFileWriterWarc - harvester_focused/60_1477905603852/heritrix3/jobs/60_1477905603852/latest/reports/source-report.txt 743
10:34:52.517 INFO  d.n.h.h.m.MetadataFileWriterWarc - harvester_focused/60_1477905603852/heritrix3/jobs/60_1477905603852/latest/reports/threads-report.txt 13
10:34:52.518 INFO  d.n.h.h.m.MetadataFileWriterWarc - harvester_focused/60_1477905603852/heritrix3/jobs/60_1477905603852/logs/alerts.log 0
10:34:52.518 INFO  d.n.h.h.m.MetadataFileWriterWarc - harvester_focused/60_1477905603852/heritrix3/jobs/60_1477905603852/logs/crawl.log 348903
10:34:52.524 INFO  d.n.h.h.m.MetadataFileWriterWarc - harvester_focused/60_1477905603852/heritrix3_err.log 4738
10:34:52.525 INFO  d.n.h.h.m.MetadataFileWriterWarc - harvester_focused/60_1477905603852/heritrix3_out.log 358997
10:34:52.531 INFO  d.n.h.h.m.MetadataFileWriterWarc - harvester_focused/60_1477905603852/heritrix_out.log 1098
10:34:52.532 INFO  d.n.h.h.m.MetadataFileWriterWarc - harvester_focused/60_1477905603852/heritrix3/jobs/60_1477905603852/job.log 450
10:34:52.533 INFO  d.n.h.h.m.MetadataFileWriterWarc - harvester_focused/60_1477905603852/heritrix3/jobs/60_1477905603852/logs/nonfatal-errors.log 0
10:34:52.534 INFO  d.n.h.h.m.MetadataFileWriterWarc - harvester_focused/60_1477905603852/heritrix3/jobs/60_1477905603852/logs/progress-statistics.log 7878
10:34:52.534 INFO  d.n.h.h.m.MetadataFileWriterWarc - harvester_focused/60_1477905603852/heritrix3/jobs/60_1477905603852/logs/runtime-errors.log 0
10:34:52.535 INFO  d.n.h.h.m.MetadataFileWriterWarc - harvester_focused/60_1477905603852/heritrix3/jobs/60_1477905603852/logs/scope.log 3106204
10:34:52.577 INFO  d.n.h.h.m.MetadataFileWriterWarc - harvester_focused/60_1477905603852/heritrix3/jobs/60_1477905603852/logs/uri-errors.log 0
10:34:52.585 INFO  d.n.h.heritrix3.HarvestDocumentation - Looking for files not having harvestprefix '60-9'
10:34:52.587 INFO  d.n.c.utils.batch.BatchLocalFiles - The batchjob 'class dk.netarkivet.common.utils.cdx.ArchiveExtractCDXJob' has run for 0 seconds and has reached file '60-9-20161031092124494-00000-ciblee_2015_harvester-1.warc', which is number 1 out of 1
10:34:52.591 INFO  d.n.c.utils.archive.ArchiveBatchJob - Processing archive file: 60-9-20161031092124494-00000-ciblee_2015_harvester-1.warc
10:34:54.003 INFO  d.n.h.h.m.MetadataFileWriterWarc - harvester_focused/60_1477905603852/tmp-meta/cdx6823134666266515025.tmp/60-9-20161031092124494-00000-ciblee_2015_harvester-1.warc.cdx 227609
10:34:54.012 INFO  d.n.h.heritrix3.PostProcessing - Uploading file '60-9-20161031092124494-00000-ciblee_2015_harvester-1.warc' to arcrepository.
10:34:55.694 INFO  d.n.h.heritrix3.PostProcessing - File '60-9-20161031092124494-00000-ciblee_2015_harvester-1.warc' uploaded successfully to arcrepository.
10:34:55.694 INFO  d.n.h.heritrix3.PostProcessing - Uploading file '60-metadata-1.warc' to arcrepository.
10:34:55.967 INFO  d.n.h.heritrix3.PostProcessing - File '60-metadata-1.warc' uploaded successfully to arcrepository.
10:34:55.968 INFO  d.n.h.h.r.HarvestReportGenerator - Starting pre-processing of harvest report for job 60
10:34:55.970 INFO  d.n.h.h.r.HarvestReportGenerator - DISREGARD_SEEDURL_INFORMATION_IN_CRAWLLOG: false
10:34:56.069 INFO  d.n.h.h.r.HarvestReportGenerator - Finished pre-processing of harvest report for job 60, operation took 00d 00:01:41
10:34:56.071 INFO  d.n.h.heritrix3.PostProcessing - Job with ID 60 finished with status DONE
10:34:56.083 INFO  d.n.h.heritrix3.PostProcessing - Deleting final logs
10:34:56.085 INFO  d.n.h.heritrix3.PostProcessing - Cleanup after harvesting job with id '60' and moving the rest of the job to oldjobsdir 'oldjobs' 
10:34:56.093 INFO  d.n.h.heritrix3.PostProcessing - Done post-processing files for job 60 in dir: '/home/test/IMRT/harvester_focused/60_1477905603852'
10:34:56.094 INFO  d.n.h.h.HarvestControllerServer - Ending crawl of job : 60
10:34:56.094 INFO  d.n.h.heritrix3.PostProcessing - Looking for unprocessed crawldata in 'harvester_focused'
10:34:56.096 INFO  d.n.h.h.HarvestControllerServer - Starts to listen to new jobs on queue '[Queue 'IMRT_COMMON_JOB_PARTIAL_FOCUSED']'
