17:17:56.032 INFO  d.n.common.utils.ApplicationUtils - Starting dk.netarkivet.harvester.heritrix3.HarvestControllerServer
Version: 5.1 (<a href="https://github.com/netarchivesuite/netarchivesuite/commit/cde61d78299cabccae6195908b81ef77c84a76b9">cde61d7829</a>)
17:17:56.082 INFO  d.n.common.utils.ApplicationUtils - Java VM: 1.7.0_80
17:17:56.083 INFO  d.n.common.utils.ApplicationUtils - java.home: /opt/jdk/jdk1.7.0_80/jre
17:17:56.116 INFO  d.n.common.utils.ApplicationUtils - Working dir: /home/test/IMRT
17:17:56.119 INFO  d.n.common.utils.ApplicationUtils - Using settings files '/home/test/IMRT/conf/settings_HarvestControllerApplication_snapshot1.xml'
17:17:57.484 INFO  d.n.m.d.JMSMonitorRegistryClient - Registering this client for monitoring every 1 minutes, using hostname 'harvester-1' and JMX/RMI ports 8110/8210
17:17:57.508 INFO  d.n.c.m.MBeanConnectorCreator - Registered mbean server in registry on port 8110 communicating on port 8210 using password file 'conf/jmxremote.password'.
Service URL is service:jmx:rmi://harvester-1:8210/jndi/rmi://harvester-1:8110/jmxrmi
17:17:57.638 INFO  d.n.common.utils.ApplicationUtils - dk.netarkivet.harvester.heritrix3.HarvestControllerServer Running
17:17:57.682 INFO  d.n.c.distribute.JMSConnectionSunMQ - Creating instance of dk.netarkivet.common.distribute.JMSConnectionSunMQ
17:17:57.747 INFO  d.n.c.distribute.JMSConnectionSunMQ - Establishing SunMQ JMS Connection to '192.168.1.51:7676'
17:18:00.539 INFO  d.n.h.h.HarvestControllerServer - Starting HarvestControllerServer.
17:18:00.560 INFO  d.n.h.h.HarvestControllerServer - Bound to harvest channel 'SNAPSHOT'
17:18:00.562 INFO  d.n.h.h.HarvestControllerServer - Serverdir: 'harvester_snapshot'
17:18:00.628 INFO  d.n.h.h.HarvestControllerServer - Harvesting requires at least 400000000 bytes free.
17:18:02.149 INFO  d.n.a.a.d.JMSArcRepositoryClient - JMSArcRepositoryClient will retry a store 3 times and timeout on each try after 3600000 milliseconds, and timeout on each getrequest after 300000 milliseconds.
17:18:02.511 INFO  d.n.a.a.d.JMSArcRepositoryClient - JMSArcRepository listens for replies on channel '[Queue 'IMRT_COMMON_THIS_REPOS_CLIENT_192_168_1_60_HCS_SNAPSHOT1']'
17:18:02.515 INFO  d.n.h.heritrix3.PostProcessing - Looking for unprocessed crawldata in 'harvester_snapshot'
17:18:02.828 INFO  d.n.h.h.HarvestControllerServer - Requested to check the validity of harvest channel 'SNAPSHOT'
17:18:03.104 INFO  d.n.h.h.HarvestControllerServer - Received message stating that channel 'SNAPSHOT' is valid.
17:18:03.224 INFO  d.n.h.h.HarvestControllerServer - Starts to listen to new jobs on queue '[Queue 'IMRT_COMMON_JOB_SNAPSHOT_SNAPSHOT']'
